<?xml version="1.0" encoding="UTF-8"?>
<!-- Generated by org.testng.reporters.JUnitReportReporter -->
<testsuite hostname="NDI-LAP-295" failures="0" tests="1" name="com.orangehrm.testCases.TC_LoginTest_001" time="0.264" errors="0" timestamp="07 Mar 2023 07:56:24 GMT" skipped="0">
  <testcase classname="com.orangehrm.testCases.TC_LoginTest_001" name="logTest" time="0.264"/>
</testsuite> <!-- com.orangehrm.testCases.TC_LoginTest_001 -->
