<?xml version="1.0" encoding="UTF-8"?>
<!-- Generated by org.testng.reporters.JUnitReportReporter -->
<testsuite hostname="NDI-LAP-295" failures="0" tests="1" name="com.orangehrm.runners.LoginPageValidation" time="0.247" errors="0" timestamp="2023-03-17T16:14:40 IST" skipped="0">
  <testcase classname="com.orangehrm.runners.LoginPageValidation" name="logTest" time="0.247"/>
  <system-out>
    <![CDATA[ASSERTION PASSED: element PlatformElement is displayed.]]>
  </system-out>
</testsuite> <!-- com.orangehrm.runners.LoginPageValidation -->
