<?xml version="1.0" encoding="UTF-8"?>
<!-- Generated by org.testng.reporters.JUnitReportReporter -->
<testsuite hostname="NDI-LAP-295" failures="0" tests="2" name="com.orangehrm.runners.TC_LoginTest_001" time="0.138" errors="0" timestamp="2023-03-17T15:15:14 IST" skipped="0">
  <testcase classname="com.orangehrm.runners.TC_LoginTest_001" name="logTest" time="0.065"/>
  <system-out/>
  <testcase classname="com.orangehrm.runners.TC_LoginTest_001" name="comper" time="0.073"/>
  <system-out/>
</testsuite> <!-- com.orangehrm.runners.TC_LoginTest_001 -->
