<?xml version="1.0" encoding="UTF-8"?>
<!-- Generated by org.testng.reporters.JUnitReportReporter -->
<testsuite hostname="NDI-LAP-295" failures="0" tests="1" name="com.orangehrm.testCases.TC_LoginTest_001" time="0.049" errors="0" timestamp="01 Mar 2023 09:16:25 GMT" skipped="0">
  <testcase classname="com.orangehrm.testCases.TC_LoginTest_001" name="logTest" time="0.049"/>
</testsuite> <!-- com.orangehrm.testCases.TC_LoginTest_001 -->
